2025-06-27 17:08:17,347 - main - INFO - Starting SyncNet v5 Server: server1
2025-06-27 17:08:17,347 - heartbeat.server1 - INFO - Heartbeat monitor initialized
2025-06-27 17:08:17,347 - server.server1 - INFO - SyncNet server initialized
2025-06-27 17:08:17,347 - server.server1 - INFO - Server state changed to: STARTING
2025-06-27 17:08:17,353 - server.server1 - INFO - TCP listening on 8000, UDP on 8020
2025-06-27 17:08:17,353 - heartbeat.server1 - INFO - Heartbeat monitoring started
2025-06-27 17:08:17,353 - server.server1 - INFO - Server state changed to: RUNNING
2025-06-27 17:08:17,353 - server.server1 - INFO - Server started successfully on TCP:8000
2025-06-27 17:08:22,358 - server.server1 - WARNING - Leader is down or not established. Starting election.
2025-06-27 17:08:22,358 - server.server1 - INFO - Election result: server3 is the new leader.
2025-06-27 17:08:51,363 - heartbeat.server1 - WARNING - Server server3 detected as FAILED (no heartbeat).
2025-06-27 17:08:52,359 - server.server1 - WARNING - Leader is down or not established. Starting election.
2025-06-27 17:08:52,359 - server.server1 - INFO - Election result: server2 is the new leader.
2025-06-27 17:09:09,366 - heartbeat.server1 - WARNING - Server server2 detected as FAILED (no heartbeat).
2025-06-27 17:09:12,361 - server.server1 - WARNING - Leader is down or not established. Starting election.
2025-06-27 17:09:12,361 - server.server1 - INFO - Election result: server1 is the new leader.
2025-06-27 17:09:12,361 - server.server1 - INFO - I am now the leader!
2025-06-27 17:09:17,238 - server.server1 - INFO - Server state changed to: STOPPING
2025-06-27 17:09:17,238 - server.server1 - INFO - Stopping SyncNet server...
2025-06-27 17:09:19,243 - server.server1 - INFO - Server state changed to: STOPPED
2025-06-27 17:09:19,243 - server.server1 - INFO - SyncNet server stopped after 61.9s
