2025-06-27 17:48:30,714 - main - INFO - Starting SyncNet v5 Server: server2
2025-06-27 17:48:30,714 - heartbeat.server2 - INFO - Heartbeat monitor initialized
2025-06-27 17:48:30,714 - server.server2 - INFO - SyncNet server initialized
2025-06-27 17:48:30,716 - server.server2 - INFO - Server state changed to: STARTING
2025-06-27 17:48:30,716 - server.server2 - INFO - TCP listening on 8001, UDP on 8021
2025-06-27 17:48:30,721 - heartbeat.server2 - INFO - Heartbeat monitoring started
2025-06-27 17:48:30,721 - server.server2 - INFO - Server state changed to: RUNNING
2025-06-27 17:48:30,721 - server.server2 - INFO - Server started successfully on TCP:8001
2025-06-27 17:48:35,721 - server.server2 - WARNING - Leader is down or not established. Starting election.
2025-06-27 17:48:35,721 - server.server2 - INFO - Election result: server3 is the new leader.
2025-06-27 17:50:09,836 - server.server2 - INFO - New client connection from ('127.0.0.1', 50695)
2025-06-27 17:50:09,836 - server.server2 - INFO - Redirected client to leader: server3
2025-06-27 17:50:10,468 - server.server2 - INFO - New client connection from ('127.0.0.1', 50697)
2025-06-27 17:50:10,470 - server.server2 - INFO - Redirected client to leader: server3
2025-06-27 17:50:10,736 - heartbeat.server2 - WARNING - Server server1 detected as FAILED (no heartbeat).
2025-06-27 17:50:16,874 - server.server2 - INFO - New client connection from ('127.0.0.1', 50714)
2025-06-27 17:50:16,874 - server.server2 - INFO - Redirected client to leader: server3
2025-06-27 17:50:17,520 - server.server2 - INFO - New client connection from ('127.0.0.1', 50716)
2025-06-27 17:50:17,521 - server.server2 - INFO - Redirected client to leader: server3
2025-06-27 17:50:19,922 - server.server2 - INFO - Server state changed to: STOPPING
2025-06-27 17:50:19,922 - server.server2 - INFO - Stopping SyncNet server...
2025-06-27 17:50:20,777 - heartbeat.server2 - INFO - Heartbeat monitoring stopped
2025-06-27 17:50:20,777 - server.server2 - INFO - Network sockets closed.
2025-06-27 17:50:20,777 - server.server2 - INFO - Server state changed to: STOPPED
2025-06-27 17:50:20,777 - server.server2 - INFO - SyncNet server stopped after 110.1s
