2025-06-09 00:06:01,016 - server.main - INFO - Starting SyncNet v5 Server: server1
2025-06-09 00:06:01,016 - server.main - INFO - Configuration: localhost:8000
2025-06-09 00:06:01,016 - server.main - INFO - Log Level: INFO
2025-06-09 00:06:01,016 - storage.data/server1.db - INFO - Database initialized successfully
2025-06-09 00:06:01,016 - election.server1 - INFO - Election initialized for server1 at position 0
2025-06-09 00:06:01,016 - heartbeat.server1 - INFO - Heartbeat monitor initialized for server1
2025-06-09 00:06:01,016 - server.server1 - INFO - SyncNet server server1 initialized
2025-06-09 00:06:01,024 - server.main - INFO - Initializing server components...
2025-06-09 00:06:01,024 - server.main - INFO - Starting server services...
2025-06-09 00:06:01,024 - server.server1 - INFO - Starting SyncNet server server1
2025-06-09 00:06:01,024 - storage.data/data/server1_messages.db.db - INFO - Database initialized successfully
2025-06-09 00:06:01,024 - election.server1 - INFO - Election initialized for server1 at position 0
2025-06-09 00:06:01,024 - heartbeat.server1 - INFO - Heartbeat monitor initialized for server1
2025-06-09 00:06:01,032 - server.server1 - INFO - TCP server listening on localhost:8000
2025-06-09 00:06:01,034 - server.server1 - INFO - UDP heartbeat listening on localhost:8020
2025-06-09 00:06:01,034 - server.server1 - INFO - UDP election listening on localhost:8030
2025-06-09 00:06:01,036 - server.server1 - INFO - TCP server listening on localhost:8000
2025-06-09 00:06:01,036 - server.server1 - INFO - UDP server thread started
2025-06-09 00:06:01,036 - server.server1 - INFO - UDP election thread started
2025-06-09 00:06:01,036 - heartbeat.server1 - INFO - Heartbeat sending thread started
2025-06-09 00:06:01,036 - heartbeat.server1 - INFO - Failure monitoring thread started
2025-06-09 00:06:01,036 - heartbeat.server1 - INFO - Heartbeat monitoring started
2025-06-09 00:06:01,039 - heartbeat.server1 - INFO - Server server2 status changed: unknown → active
2025-06-09 00:06:01,039 - server.server1 - INFO - Server server1 started successfully on TCP:8000
2025-06-09 00:06:01,039 - heartbeat.server1 - INFO - Server server3 status changed: unknown → active
2025-06-09 00:06:01,039 - server.main - INFO - server1 is now running!
2025-06-09 00:06:01,039 - server.main - INFO - TCP Port: 8000
2025-06-09 00:06:01,039 - server.main - INFO - Heartbeat Port: 8020
2025-06-09 00:06:01,039 - server.main - INFO - Election Port: 8030
2025-06-09 00:06:01,039 - server.main - INFO - Server is ready to accept connections
2025-06-09 00:06:01,039 - server.main - INFO - Server running... Press Ctrl+C to stop
2025-06-09 00:06:05,040 - heartbeat.server1 - INFO - Server server2 status changed: active → suspected
2025-06-09 00:06:05,040 - heartbeat.server1 - INFO - Server server3 status changed: active → suspected
2025-06-09 00:06:05,879 - heartbeat.server1 - INFO - Server server3 status changed: suspected → active
2025-06-09 00:06:05,879 - heartbeat.server1 - INFO - Server server3 recovered to ACTIVE
2025-06-09 00:06:05,879 - server.server1 - INFO - Server recovery detected: server3
2025-06-09 00:06:07,041 - heartbeat.server1 - INFO - Server server2 status changed: suspected → failed
2025-06-09 00:06:07,041 - heartbeat.server1 - WARNING - Server server2 detected as FAILED
2025-06-09 00:06:07,041 - server.server1 - WARNING - Server failure detected: server2
2025-06-09 00:06:09,039 - server.server1 - INFO - Starting automatic leader election
2025-06-09 00:06:09,039 - election.server1 - INFO - Syncing failed servers - current statuses: {'server2': 'failed', 'server3': 'active'}
2025-06-09 00:06:09,039 - election.server1 - INFO - Failed servers before sync: set()
2025-06-09 00:06:09,039 - election.server1 - INFO - Synced server2 as failed from heartbeat status
2025-06-09 00:06:09,039 - election.server1 - INFO - Failed servers after sync: {'server2'}
2025-06-09 00:06:09,039 - election.server1 - INFO - Syncing failed servers - current statuses: {'server2': 'failed', 'server3': 'active'}
2025-06-09 00:06:09,039 - election.server1 - INFO - Failed servers before sync: {'server2'}
2025-06-09 00:06:09,041 - election.server1 - INFO - Failed servers after sync: {'server2'}
2025-06-09 00:06:09,041 - election.server1 - INFO - Starting election election_1749441969_d2b46c46
2025-06-09 00:06:09,043 - server.server1 - INFO - Started election election_1749441969_d2b46c46, sent to server3
2025-06-09 00:06:17,043 - election.server1 - WARNING - Election election_1749441969_d2b46c46 timed out after 8.0s
2025-06-09 00:06:17,043 - election.server1 - INFO - Election state reset
2025-06-09 00:06:17,043 - election.server1 - INFO - Retrying election in 3.93s
2025-06-09 00:06:20,978 - election.server1 - INFO - Retrying election after timeout
2025-06-09 00:06:20,978 - election.server1 - INFO - Syncing failed servers - current statuses: {'server2': 'failed', 'server3': 'active'}
2025-06-09 00:06:20,978 - election.server1 - INFO - Failed servers before sync: {'server2'}
2025-06-09 00:06:20,978 - election.server1 - INFO - Failed servers after sync: {'server2'}
2025-06-09 00:06:20,978 - election.server1 - INFO - Starting election election_1749441980_443777d3
2025-06-09 00:06:28,983 - election.server1 - WARNING - Election election_1749441980_443777d3 timed out after 8.0s
2025-06-09 00:06:28,985 - election.server1 - INFO - Election state reset
2025-06-09 00:06:28,986 - election.server1 - INFO - Retrying election in 2.28s
2025-06-09 00:06:31,274 - election.server1 - INFO - Retrying election after timeout
2025-06-09 00:06:31,274 - election.server1 - INFO - Syncing failed servers - current statuses: {'server2': 'failed', 'server3': 'active'}
2025-06-09 00:06:31,274 - election.server1 - INFO - Failed servers before sync: {'server2'}
2025-06-09 00:06:31,275 - election.server1 - INFO - Failed servers after sync: {'server2'}
2025-06-09 00:06:31,275 - election.server1 - INFO - Starting election election_1749441991_44212fb2
2025-06-09 00:06:39,277 - election.server1 - WARNING - Election election_1749441991_44212fb2 timed out after 8.0s
2025-06-09 00:06:39,277 - election.server1 - INFO - Election state reset
2025-06-09 00:06:39,277 - election.server1 - INFO - Retrying election in 3.62s
2025-06-09 00:06:42,894 - election.server1 - INFO - Retrying election after timeout
2025-06-09 00:06:42,895 - election.server1 - INFO - Syncing failed servers - current statuses: {'server2': 'failed', 'server3': 'active'}
2025-06-09 00:06:42,895 - election.server1 - INFO - Failed servers before sync: {'server2'}
2025-06-09 00:06:42,895 - election.server1 - INFO - Failed servers after sync: {'server2'}
2025-06-09 00:06:42,895 - election.server1 - INFO - Starting election election_1749442002_4eab1c56
